0 info it worked if it ends with ok
1 verbose cli [ 'node', '/usr/local/bin/npm', 'uninstall', 'handlebars' ]
2 info using npm@1.4.28
3 info using node@v0.10.32
4 verbose node_modules/handlebars unbuild
5 info preuninstall handlebars@2.0.0
6 info uninstall handlebars@2.0.0
7 verbose true,/Users/AlexanderPease/git/email-waze/tornado/node_modules,/Users/AlexanderPease/git/email-waze/tornado/node_modules unbuild handlebars@2.0.0
8 verbose /Users/AlexanderPease/git/email-waze/tornado/node_modules/.bin,[object Object] binRoot
9 error Error: EACCES, unlink '/Users/AlexanderPease/git/email-waze/tornado/node_modules/.bin/handlebars'
9 error  { [Error: EACCES, unlink '/Users/AlexanderPease/git/email-waze/tornado/node_modules/.bin/handlebars']
9 error   errno: 3,
9 error   code: 'EACCES',
9 error   path: '/Users/AlexanderPease/git/email-waze/tornado/node_modules/.bin/handlebars' }
10 error Please try running this command again as root/Administrator.
11 error System Darwin 13.4.0
12 error command "node" "/usr/local/bin/npm" "uninstall" "handlebars"
13 error cwd /Users/AlexanderPease/git/email-waze/tornado
14 error node -v v0.10.32
15 error npm -v 1.4.28
16 error path /Users/AlexanderPease/git/email-waze/tornado/node_modules/.bin/handlebars
17 error code EACCES
18 error errno 3
19 error stack Error: EACCES, unlink '/Users/AlexanderPease/git/email-waze/tornado/node_modules/.bin/handlebars'
20 verbose exit [ 3, true ]
